 PATH path3780 FOUND 
Scale factor = 1.000000
 0) 48.71,37.68
    50.89,36.50
    51.76,35.79
    52.47,35.03
    52.98,34.25
    53.28,33.47
    53.37,32.72
    53.20,32.00
    52.80,31.39
    52.19,30.91
    51.41,30.57
    50.49,30.37
    49.44,30.32
    48.31,30.42
    45.91,31.09
    43.72,32.28
    42.85,32.98
    42.15,33.74
    41.64,34.52
    41.33,35.30
    41.25,36.05
    41.41,36.77
    41.81,37.38
    42.42,37.86
    43.20,38.20
    44.13,38.40
    45.17,38.45
    46.30,38.35
 PATH path3778 FOUND 
Scale factor = 1.000000
 1) 71.80,65.09
    76.14,61.54
    76.09,67.98
    76.01,72.28
    75.86,74.41
    74.34,75.76
    72.63,77.01
    70.76,78.15
    68.74,79.18
    64.81,80.72
    60.56,81.85
    56.34,82.48
    52.00,82.67
    47.71,82.39
    43.47,81.61
    39.37,80.29
    37.40,79.42
    35.50,78.40
    33.87,77.34
    32.24,76.07
    30.65,74.60
    29.11,72.95
    26.62,69.68
    24.45,65.96
    22.82,62.13
    21.66,58.02
    21.08,53.91
    20.99,51.79
    21.06,49.64
    21.63,45.56
    22.14,43.50
    22.81,41.42
    24.44,37.68
    26.66,33.94
    28.09,31.96
    29.59,30.13
    32.79,26.91
    34.66,25.35
    36.58,23.96
    40.48,21.62
    42.70,20.55
    44.91,19.65
    49.21,18.29
    51.78,17.72
    54.20,17.34
    58.46,17.06
    60.55,17.14
    62.68,17.39
    64.81,17.81
    66.92,18.43
    68.90,19.21
    70.81,20.18
    72.61,21.37
    74.29,22.76
    75.70,24.25
    76.95,25.93
    78.04,27.82
    78.94,29.92
    79.51,31.80
    79.94,33.84
    80.20,36.03
    80.29,38.38
    80.17,40.57
    79.83,42.68
    79.27,44.71
    78.53,46.65
    77.59,48.56
    76.49,50.39
    75.26,52.13
    73.91,53.77
    70.89,56.83
    67.64,59.52
    63.97,62.04
    60.45,64.08
    57.75,65.41
    55.44,66.39
    53.67,67.00
    52.57,67.24
    51.59,67.10
    50.79,66.48
    50.27,65.33
    50.09,63.60
    50.27,56.69
    50.15,53.18
    49.73,49.80
    48.89,46.60
    47.88,43.99
    46.69,41.58
    46.57,41.12
    46.62,40.72
    47.09,40.08
    47.81,39.71
    48.54,39.64
    51.24,40.10
    52.51,40.52
    53.69,41.08
    54.76,41.83
    55.64,42.77
    56.30,43.93
    56.71,45.33
    56.84,46.60
    56.83,47.98
    56.49,50.84
    55.63,54.60
    55.16,56.22
    55.19,57.54
    55.50,58.56
    56.15,59.27
    57.23,59.64
    58.30,59.57
    59.71,59.12
    61.39,58.29
    63.27,57.09
    65.74,55.16
    68.29,52.72
    70.41,50.28
    72.44,47.50
    73.47,45.66
    74.21,43.66
    74.67,41.53
    74.84,39.34
    74.71,37.23
    74.30,35.13
    73.60,33.08
    72.60,31.12
    71.43,29.44
    70.00,27.90
    68.31,26.52
    66.36,25.33
    64.56,24.53
    62.59,23.88
    60.43,23.42
    58.07,23.14
    56.16,23.09
    54.26,23.19
    50.56,23.81
    46.90,24.94
    43.47,26.44
    40.06,28.37
    37.06,30.46
    33.77,33.28
    31.61,35.69
    30.12,37.67
    28.87,39.63
    27.83,41.57
    27.01,43.48
    26.25,45.80
    25.76,48.06
    25.51,50.26
    25.49,52.38
    25.71,54.79
    26.16,57.07
    26.80,59.20
    27.59,61.16
    28.90,63.72
    30.28,65.84
    31.59,67.48
    32.70,68.61
    34.28,69.82
    36.07,70.85
    38.06,71.71
    40.19,72.39
    44.29,73.18
    48.57,73.44
    52.89,73.17
    56.87,72.43
    61.05,71.13
    64.71,69.53
    68.82,67.18

Object origin:
29.650629 32.806975

Eagle Command:
set wire_bend 2;
change layer 1;
set width 0.000500;
poly (R -1.160622 7.310385) (R 0.150181 8.022248) (R 0.673532 8.447380) (R 1.094403 8.900385) (R 1.401958 9.367565) (R 1.585362 9.835223) (R 1.633782 10.289662) (R 1.536378 10.717185) (R 1.295270 11.086832) (R 0.931531 11.374860) (R 0.462759 11.579076) (R -0.093447 11.697285) (R -0.719487 11.727295) (R -1.397763 11.666910) (R -2.840622 11.266185) (R -4.151435 10.554322) (R -4.674809 10.129190) (R -5.095722 9.676185) (R -5.403349 9.209005) (R -5.586860 8.741347) (R -5.635424 8.286909) (R -5.538219 7.859385) (R -5.296742 7.489714) (R -4.932773 7.201626) (R -4.463883 6.997336) (R -3.907644 6.879060) (R -3.281628 6.849012) (R -2.603404 6.909407) (R -1.160622 7.310385);
poly (R 12.692778 -9.133815) (R 15.297978 -7.002615) (R 15.269274 -10.866018) (R 15.219126 -13.449740) (R 15.131780 -14.724615) (R 14.216974 -15.534472) (R 13.192560 -16.284612) (R 12.069100 -16.971004) (R 10.857162 -17.589622) (R 8.499438 -18.515241) (R 5.952561 -19.187529) (R 3.416203 -19.570183) (R 0.815954 -19.684185) (R -1.762366 -19.514004) (R -4.302655 -19.043918) (R -6.762132 -18.252131) (R -7.943040 -17.729961) (R -9.083022 -17.120415) (R -10.064619 -16.481886) (R -11.038863 -15.719627) (R -11.993584 -14.840919) (R -12.916614 -13.853043) (R -14.415063 -11.889427) (R -15.715272 -9.654221) (R -16.692091 -7.359381) (R -17.387887 -4.893404) (R -17.740319 -2.427791) (R -17.790377 -1.156275) (R -17.748899 0.136601) (R -17.410122 2.582413) (R -17.104045 3.821957) (R -16.700898 5.069037) (R -15.722272 7.312764) (R -14.392422 9.556785) (R -13.533355 10.744602) (R -12.629323 11.841247) (R -10.709177 13.773980) (R -9.587718 14.708122) (R -8.439552 15.545543) (R -6.094702 16.948167) (R -4.763653 17.589704) (R -3.440104 18.131857) (R -0.860789 18.943725) (R 0.681626 19.286845) (R 2.135993 19.516108) (R 4.690578 19.684185) (R 5.945033 19.636353) (R 7.221492 19.488276) (R 8.502176 19.233064) (R 9.769307 18.863833) (R 10.956721 18.395610) (R 12.099511 17.809822) (R 13.181937 17.100376) (R 14.188263 16.261174) (R 15.031662 15.371258) (R 15.785474 14.362122) (R 16.437521 13.229050) (R 16.975625 11.967325) (R 17.322125 10.837987) (R 17.577841 9.617098) (R 17.736137 8.302087) (R 17.790377 6.890382) (R 17.718589 5.578303) (R 17.510730 4.313277) (R 17.178059 3.095900) (R 16.731832 1.926765) (R 16.169239 0.780659) (R 15.511544 -0.313642) (R 14.770819 -1.355501) (R 13.959138 -2.344280) (R 12.148480 -4.180717) (R 10.196679 -5.791753) (R 7.996979 -7.303027) (R 5.882228 -8.525661) (R 4.262574 -9.327917) (R 2.880924 -9.915056) (R 1.818513 -10.282786) (R 1.156578 -10.426815) (R 0.565943 -10.340621) (R 0.089553 -9.966765) (R -0.224725 -9.276783) (R -0.329022 -8.242215) (R -0.224797 -4.091680) (R -0.292965 -1.987461) (R -0.546822 0.041985) (R -1.052575 1.959117) (R -1.655697 3.525585) (R -2.372622 4.969785) (R -2.441332 5.246067) (R -2.411322 5.489723) (R -2.134122 5.869935) (R -1.698972 6.091973) (R -1.263822 6.137385) (R 0.356306 5.856801) (R 1.123098 5.608125) (R 1.831319 5.270454) (R 2.467787 4.823438) (R 2.997461 4.258492) (R 3.396979 3.562460) (R 3.642978 2.722185) (R 3.720264 1.959576) (R 3.711000 1.131976) (R 3.505756 -0.584170) (R 2.995104 -2.843108) (R 2.708778 -3.809415) (R 2.728176 -4.601724) (R 2.913904 -5.217690) (R 3.307419 -5.642968) (R 3.950179 -5.863215) (R 4.592473 -5.823081) (R 5.437846 -5.552042) (R 6.446580 -5.054873) (R 7.578961 -4.336348) (R 9.058205 -3.177317) (R 10.589985 -1.709427) (R 11.862156 -0.248403) (R 13.080378 1.418385) (R 13.695780 2.523396) (R 14.143551 3.725847) (R 14.418627 4.999004) (R 14.515941 6.316134) (R 14.439194 7.583221) (R 14.193254 8.842961) (R 13.773782 10.072465) (R 13.176442 11.248843) (R 12.474156 12.254470) (R 11.617527 13.179790) (R 10.603279 14.007523) (R 9.428138 14.720389) (R 8.352758 15.203023) (R 7.167276 15.589177) (R 5.869934 15.869587) (R 4.458978 16.034985) (R 3.308933 16.067733) (R 2.171346 16.006468) (R -0.050766 15.634391) (R -2.245493 14.957748) (R -4.302001 14.055238) (R -6.350745 12.895115) (R -8.147686 11.644646) (R -10.121909 9.952105) (R -11.418822 8.508585) (R -12.311599 7.318514) (R -13.064112 6.140718) (R -13.684527 4.977831) (R -14.181013 3.832485) (R -14.637316 2.438628) (R -14.930758 1.080922) (R -15.076977 -0.235588) (R -15.091611 -1.505861) (R -14.958522 -2.955103) (R -14.686732 -4.322639) (R -14.302867 -5.599884) (R -13.833556 -6.778251) (R -13.046501 -8.309421) (R -12.216925 -9.582451) (R -11.428780 -10.570273) (R -10.766022 -11.245815) (R -9.819813 -11.971377) (R -8.741596 -12.590212) (R -7.551466 -13.103686) (R -6.269514 -13.513167) (R -3.813946 -13.990152) (R -1.244022 -14.147415) (R 1.349749 -13.984335) (R 3.733957 -13.541413) (R 6.245412 -12.759466) (R 8.438585 -11.798502) (R 10.904124 -10.387487) (R 12.692778 -9.133815);

